{"C:\\Users\\User\\workspace\\learn-tdd-shoshanasi\\test\\test.js":{"path":"C:\\Users\\User\\workspace\\learn-tdd-shoshanasi\\test\\test.js","s":{"1":1,"2":1,"3":1,"4":0,"5":0,"6":0,"7":0,"8":0,"9":0,"10":0,"11":0,"12":0,"13":0},"b":{},"f":{"1":0,"2":0,"3":0,"4":0,"5":0,"6":0},"fnMap":{"1":{"name":"(anonymous_1)","line":4,"loc":{"start":{"line":4,"column":26},"end":{"line":4,"column":36}}},"2":{"name":"(anonymous_2)","line":5,"loc":{"start":{"line":5,"column":23},"end":{"line":5,"column":33}}},"3":{"name":"(anonymous_3)","line":6,"loc":{"start":{"line":6,"column":41},"end":{"line":6,"column":51}}},"4":{"name":"(anonymous_4)","line":11,"loc":{"start":{"line":11,"column":50},"end":{"line":11,"column":60}}},"5":{"name":"(anonymous_5)","line":15,"loc":{"start":{"line":15,"column":56},"end":{"line":15,"column":66}}},"6":{"name":"(anonymous_6)","line":19,"loc":{"start":{"line":19,"column":77},"end":{"line":19,"column":87}}}},"statementMap":{"1":{"start":{"line":1,"column":0},"end":{"line":1,"column":31}},"2":{"start":{"line":2,"column":0},"end":{"line":2,"column":30}},"3":{"start":{"line":4,"column":0},"end":{"line":24,"column":3}},"4":{"start":{"line":5,"column":2},"end":{"line":23,"column":4}},"5":{"start":{"line":6,"column":4},"end":{"line":9,"column":6}},"6":{"start":{"line":7,"column":6},"end":{"line":7,"column":39}},"7":{"start":{"line":8,"column":6},"end":{"line":8,"column":51}},"8":{"start":{"line":11,"column":1},"end":{"line":13,"column":6}},"9":{"start":{"line":12,"column":4},"end":{"line":12,"column":55}},"10":{"start":{"line":15,"column":1},"end":{"line":17,"column":6}},"11":{"start":{"line":16,"column":4},"end":{"line":16,"column":61}},"12":{"start":{"line":19,"column":1},"end":{"line":21,"column":7}},"13":{"start":{"line":20,"column":4},"end":{"line":20,"column":82}}},"branchMap":{}}}